<?xml version="1.0" encoding="UTF-8"?>
<testng-results ignored="0" total="1" passed="1" failed="0" skipped="0">
  <reporter-output>
  </reporter-output>
  <suite started-at="2023-06-24T18:23:45Z" name="Default suite" finished-at="2023-06-24T18:23:48Z" duration-ms="3532">
    <groups>
    </groups>
    <test started-at="2023-06-24T18:23:45Z" name="Default test" finished-at="2023-06-24T18:23:48Z" duration-ms="3532">
      <class name="sessionFive.ClassLesson">
        <test-method is-config="true" signature="into()[pri:0, instance:sessionFive.ClassLesson@14f9390f]" started-at="2023-06-24T18:23:45Z" name="into" finished-at="2023-06-24T18:23:48Z" duration-ms="3483" status="PASS">
          <reporter-output>
          </reporter-output>
        </test-method> <!-- into -->
        <test-method signature="login()[pri:0, instance:sessionFive.ClassLesson@14f9390f]" started-at="2023-06-24T18:23:48Z" name="login" finished-at="2023-06-24T18:23:48Z" duration-ms="19" status="PASS">
          <reporter-output>
          </reporter-output>
        </test-method> <!-- login -->
      </class> <!-- sessionFive.ClassLesson -->
    </test> <!-- Default test -->
  </suite> <!-- Default suite -->
</testng-results>
